2025-06-28 17:06:34,721 - app - INFO - Access contact pagee.
2025-06-28 17:06:36,514 - app - INFO - Access about pagee.
2025-06-28 17:06:59,983 - app - INFO - Access about pagee.
2025-06-28 17:07:13,291 - app - INFO - Access about pagee.
2025-06-28 17:07:16,037 - app - INFO - Access contact pagee.
2025-06-28 17:07:17,834 - app - INFO - Access about pagee.
2025-06-28 17:07:33,349 - app - INFO - Access about pagee.
2025-06-28 17:07:42,118 - app - INFO - Access about pagee.
2025-06-28 17:07:45,331 - app - INFO - Access about pagee.
2025-06-28 17:09:16,779 - app - INFO - Access contact pagee.
2025-06-28 17:10:16,279 - app - INFO - Access about pagee.
2025-06-28 17:10:33,679 - app - INFO - Accessed index page.
2025-06-28 17:10:36,785 - app - INFO - Access about pagee.
2025-06-28 17:10:38,368 - app - INFO - Access contact pagee.
2025-06-28 17:10:57,754 - app - INFO - Access about pagee.
2025-06-28 17:11:11,155 - app - INFO - Accessed index page.
2025-06-28 17:11:21,163 - app - INFO - Access contact pagee.
2025-06-28 17:11:35,538 - app - INFO - Accessed index page.
2025-06-28 17:11:41,259 - app - INFO - Access contact pagee.
2025-06-28 17:11:44,970 - app - INFO - Access contact pagee.
2025-06-28 17:11:46,923 - app - INFO - Access about pagee.
2025-06-28 17:11:54,153 - app - INFO - Accessed index page.
2025-06-28 17:12:10,520 - app - INFO - Access about pagee.
2025-06-28 17:12:13,210 - app - INFO - Access contact pagee.
2025-06-28 17:12:31,475 - app - INFO - Accessed index page.
2025-06-28 17:13:53,354 - app - INFO - Accessed index page.
2025-06-28 17:13:57,188 - app - INFO - Access about pagee.
2025-06-28 17:13:59,750 - app - INFO - Access contact pagee.
2025-06-28 17:14:40,452 - app - INFO - Accessed index page.
2025-06-28 17:14:52,084 - app - INFO - Access about pagee.
2025-06-28 17:14:59,370 - app - INFO - Access contact pagee.
2025-06-28 17:15:25,435 - app - INFO - Accessed index page.
2025-06-28 17:15:29,023 - app - INFO - Access contact pagee.
2025-06-28 17:15:38,472 - app - INFO - Access contact pagee.
2025-06-28 17:15:52,201 - app - INFO - Accessed index page.
2025-06-28 17:15:54,567 - app - INFO - Access contact pagee.
2025-06-28 17:16:08,120 - app - INFO - Access contact pagee.
2025-06-28 17:17:12,188 - app - INFO - Accessed index page.
2025-06-28 17:17:13,802 - app - INFO - Access about pagee.
2025-06-28 17:17:16,287 - app - INFO - Access contact pagee.
2025-06-28 17:17:19,953 - app - INFO - Accessed index page.
2025-06-28 17:17:21,736 - app - INFO - Access about pagee.
2025-06-28 17:17:22,617 - app - INFO - Access contact pagee.
2025-06-28 17:17:24,420 - app - INFO - Accessed index page.
2025-06-28 17:17:43,289 - app - INFO - Accessed index page.
2025-06-28 17:41:00,008 - app - INFO - Accessed index page.
2025-06-28 17:42:33,832 - app - INFO - Member: member access dashboard.
2025-06-28 17:42:37,735 - app - INFO - Member: member accessed change password.
2025-06-28 17:42:51,037 - app - INFO - Member: member accessed change password.
2025-06-28 17:42:52,366 - app - INFO - Member: member successfully change their their password.
2025-06-28 17:42:52,376 - app - INFO - Member: member access dashboard.
2025-06-28 17:42:58,824 - app - INFO - Member: member access dashboard.
2025-06-29 11:10:41,616 - app - INFO - Accessed index page.
2025-06-29 19:05:38,998 - app - INFO - Accessed index page.
2025-06-29 19:07:49,376 - app - INFO - Admin: admin access dashboard.
2025-06-29 19:09:18,892 - app - INFO - Accessed index page.
2025-06-29 19:09:21,901 - app - INFO - Accessed index page.
2025-06-29 19:09:33,044 - app - INFO - Member: member access dashboard.
2025-06-29 19:10:59,760 - app - INFO - Accessed index page.
2025-06-29 19:11:02,632 - app - INFO - Accessed index page.
2025-06-29 19:11:07,897 - app - INFO - Access about pagee.
2025-06-29 19:11:11,248 - app - INFO - Access contact pagee.
2025-06-29 19:12:14,984 - app - INFO - Access about pagee.
2025-06-29 19:22:09,756 - app - INFO - Accessed index page.
2025-06-30 18:15:56,943 - app - INFO - Accessed index page.
2025-06-30 18:19:12,184 - app - INFO - Admin: admin access dashboard.
2025-06-30 18:19:50,472 - app - INFO - Admin: admin access dashboard.
2025-06-30 18:20:53,681 - app - INFO - Admin: admin access dashboard.
2025-06-30 18:21:01,856 - app - INFO - Admin: admin access dashboard.
2025-06-30 18:33:01,741 - app - INFO - Bill create successfully for: member
2025-06-30 18:42:10,287 - app - INFO - Accessed index page.
2025-06-30 18:43:45,584 - app - INFO - Access about pagee.
2025-06-30 18:43:46,587 - app - INFO - Access contact pagee.
2025-06-30 18:43:48,062 - app - INFO - Accessed index page.
2025-06-30 18:44:38,147 - app - INFO - Member: member access dashboard.
2025-06-30 18:45:11,835 - app - INFO - Member: member accessed bill notifications.
2025-06-30 18:45:53,114 - app - INFO - Member: member accessed view bill receipts.
2025-06-30 18:46:40,904 - app - INFO - Member: member accessed view schedule.
2025-06-30 18:47:39,412 - app - INFO - Member: member accessed change password.
2025-06-30 18:47:44,296 - app - INFO - Accessed index page.
2025-06-30 18:47:48,011 - app - INFO - Access contact pagee.
2025-06-30 18:47:52,990 - app - INFO - Access about pagee.
2025-06-30 18:47:53,724 - app - INFO - Access contact pagee.
2025-06-30 20:33:37,661 - app - INFO - Accessed index page.
2025-06-30 20:33:40,150 - app - INFO - Access about pagee.
2025-06-30 20:33:42,226 - app - INFO - Access contact pagee.
2025-06-30 20:34:04,448 - app - INFO - Admin: admin access dashboard.
2025-07-06 22:47:51,095 - app - INFO - Accessed index page.
2025-07-06 22:47:57,661 - app - INFO - Accessed index page.
2025-07-06 22:48:00,671 - app - INFO - Access about pagee.
2025-07-06 22:48:03,376 - app - INFO - Access contact pagee.
2025-07-06 22:49:02,756 - app - INFO - Admin: admin access dashboard.
2025-07-06 22:49:11,837 - app - INFO - Admin: admin access dashboard.
2025-07-06 23:54:58,571 - app - INFO - Admin: admin access dashboard.
2025-07-06 23:55:27,308 - app - INFO - Admin: admin access dashboard.
2025-07-07 00:11:29,382 - app - INFO - Admin: admin access dashboard.
2025-07-07 00:14:35,484 - app - INFO - Admin: admin access dashboard.
2025-07-07 00:14:37,221 - app - INFO - Admin: admin access dashboard.
2025-07-07 00:14:52,704 - app - INFO - Admin: admin access dashboard.
2025-07-07 11:09:37,023 - app - INFO - Accessed index page.
2025-07-07 11:10:15,712 - app - INFO - Admin: admin access dashboard.
2025-07-07 11:58:17,553 - app - INFO - Accessed index page.
2025-07-07 11:58:29,295 - app - INFO - Member: member access dashboard.
2025-07-07 11:58:34,499 - app - INFO - Member: member accessed bill notifications.
2025-07-07 11:58:39,064 - app - INFO - Member: member accessed view bill receipts.
2025-07-07 11:58:40,094 - app - INFO - Member: member accessed view schedule.
2025-07-07 11:58:41,699 - app - INFO - Member: member accessed view bill receipts.
2025-07-07 11:58:42,634 - app - INFO - Member: member accessed bill notifications.
2025-07-07 11:58:45,506 - app - INFO - Member: member access dashboard.
2025-07-07 11:58:48,695 - app - INFO - Member: member accessed view bill receipts.
2025-07-07 11:59:47,408 - app - INFO - Member: member access dashboard.
2025-07-07 12:03:23,208 - app - INFO - Admin: admin access dashboard.
2025-07-07 12:16:34,633 - app - WARNING - Error updating bill status or sending notification of member: 'send_date' is an invalid keyword argument for Notification
2025-07-07 12:18:11,072 - app - INFO - member: Default Member, bill has been updated to paid.
2025-07-07 12:18:24,472 - app - INFO - Member: member accessed bill notifications.
2025-07-07 12:18:45,423 - app - INFO - Admin: admin access dashboard.
2025-07-07 12:30:46,791 - app - INFO - Admin: admin access dashboard.
2025-07-07 12:30:52,606 - app - INFO - Bill create successfully for: laraib
2025-07-07 12:30:58,471 - app - INFO - Admin: admin access dashboard.
2025-07-07 12:31:00,702 - app - INFO - Admin: admin access dashboard.
2025-07-07 12:34:31,440 - app - INFO - Accessed index page.
2025-07-07 12:34:46,347 - app - INFO - member: Default Member, bill has been updated to paid.
2025-07-07 12:46:09,340 - app - INFO - Admin: admin access dashboard.
